{"numTotalTestSuites":63,"numPassedTestSuites":63,"numFailedTestSuites":0,"numPendingTestSuites":0,"numTotalTests":145,"numPassedTests":145,"numFailedTests":0,"numPendingTests":0,"numTodoTests":0,"snapshot":{"added":0,"failure":false,"filesAdded":0,"filesRemoved":0,"filesRemovedList":[],"filesUnmatched":0,"filesUpdated":0,"matched":0,"total":0,"unchecked":0,"uncheckedKeysByFile":[],"unmatched":0,"updated":0,"didUpdate":false},"startTime":1781739384024,"success":true,"testResults":[{"assertionResults":[{"ancestorTitles":["useFreshness Hook"],"fullName":"useFreshness Hook 【数据预设】购买于2024-06-17，保质期7天 → 【预期结果】fresh，剩余6天，过期2024-06-24","status":"passed","title":"【数据预设】购买于2024-06-17，保质期7天 → 【预期结果】fresh，剩余6天，过期2024-06-24","duration":46.37510000000111,"failureMessages":[],"meta":{},"tags":[]},{"ancestorTitles":["useFreshness Hook"],"fullName":"useFreshness Hook 【数据预设】购买于2024-06-16，保质期3天 → 【预期结果】expiring，剩余1天","status":"passed","title":"【数据预设】购买于2024-06-16，保质期3天 → 【预期结果】expiring，剩余1天","duration":5.929000000000087,"failureMessages":[],"meta":{},"tags":[]},{"ancestorTitles":["useFreshness Hook"],"fullName":"useFreshness Hook 【数据预设】购买于2024-06-10，保质期7天 → 【预期结果】expired，剩余1天前过期（-1）","status":"passed","title":"【数据预设】购买于2024-06-10，保质期7天 → 【预期结果】expired，剩余1天前过期（-1）","duration":5.487200000001394,"failureMessages":[],"meta":{},"tags":[]},{"ancestorTitles":["useFreshness Hook"],"fullName":"useFreshness Hook 【数据预设】购买于2024-06-18，保质期30天 → 【预期结果】fresh，剩余30天","status":"passed","title":"【数据预设】购买于2024-06-18，保质期30天 → 【预期结果】fresh，剩余30天","duration":5.109900000001289,"failureMessages":[],"meta":{},"tags":[]},{"ancestorTitles":["useFreshness Hook"],"fullName":"useFreshness Hook 【数据预设】购买于2024-06-16，保质期4天 → 【预期结果】expiring，剩余2天","status":"passed","title":"【数据预设】购买于2024-06-16，保质期4天 → 【预期结果】expiring，剩余2天","duration":6.72400000000016,"failureMessages":[],"meta":{},"tags":[]},{"ancestorTitles":["useFreshness Hook"],"fullName":"useFreshness Hook 【数据预设】相同输入重复调用 → 【预期结果】使用 useMemo 缓存，结果一致","status":"passed","title":"【数据预设】相同输入重复调用 → 【预期结果】使用 useMemo 缓存，结果一致","duration":4.561300000001211,"failureMessages":[],"meta":{},"tags":[]},{"ancestorTitles":["useFreshness Hook"],"fullName":"useFreshness Hook 【数据预设】输入参数变化 → 【预期结果】结果重新计算","status":"passed","title":"【数据预设】输入参数变化 → 【预期结果】结果重新计算","duration":4.406200000001263,"failureMessages":[],"meta":{},"tags":[]}],"startTime":1781739395645,"endTime":1781739395724.4062,"status":"passed","message":"","name":"D:/trae_projects/zy_2606_trae_01/src/test/hooks/useFreshness.test.ts"},{"assertionResults":[{"ancestorTitles":["useTheme Hook"],"fullName":"useTheme Hook 【数据预设】无保存主题，系统非暗色 → 【预期结果】初始为 light，isDark=false","status":"passed","title":"【数据预设】无保存主题，系统非暗色 → 【预期结果】初始为 light，isDark=false","duration":44.40279999999984,"failureMessages":[],"meta":{},"tags":[]},{"ancestorTitles":["useTheme Hook"],"fullName":"useTheme Hook 【数据预设】无保存主题，系统偏好暗色 → 【预期结果】初始为 dark，isDark=true","status":"passed","title":"【数据预设】无保存主题，系统偏好暗色 → 【预期结果】初始为 dark，isDark=true","duration":5.389799999999013,"failureMessages":[],"meta":{},"tags":[]},{"ancestorTitles":["useTheme Hook"],"fullName":"useTheme Hook 【数据预设】localStorage 已保存 \"dark\" → 【预期结果】初始为 dark","status":"passed","title":"【数据预设】localStorage 已保存 \"dark\" → 【预期结果】初始为 dark","duration":5.661200000000463,"failureMessages":[],"meta":{},"tags":[]},{"ancestorTitles":["useTheme Hook"],"fullName":"useTheme Hook 【数据预设】localStorage 已保存 \"light\" → 【预期结果】初始为 light","status":"passed","title":"【数据预设】localStorage 已保存 \"light\" → 【预期结果】初始为 light","duration":3.671199999998862,"failureMessages":[],"meta":{},"tags":[]},{"ancestorTitles":["useTheme Hook"],"fullName":"useTheme Hook 【数据预设】初始为 light，调用 toggleTheme → 【预期结果】切换为 dark","status":"passed","title":"【数据预设】初始为 light，调用 toggleTheme → 【预期结果】切换为 dark","duration":6.0789999999997235,"failureMessages":[],"meta":{},"tags":[]},{"ancestorTitles":["useTheme Hook"],"fullName":"useTheme Hook 【数据预设】初始为 dark，调用 toggleTheme → 【预期结果】切换为 light","status":"passed","title":"【数据预设】初始为 dark，调用 toggleTheme → 【预期结果】切换为 light","duration":3.7010000000009313,"failureMessages":[],"meta":{},"tags":[]},{"ancestorTitles":["useTheme Hook"],"fullName":"useTheme Hook 【数据预设】切换主题 → 【预期结果】documentElement class 同步更新","status":"passed","title":"【数据预设】切换主题 → 【预期结果】documentElement class 同步更新","duration":7.7591999999986,"failureMessages":[],"meta":{},"tags":[]},{"ancestorTitles":["useTheme Hook"],"fullName":"useTheme Hook 【数据预设】切换主题 → 【预期结果】localStorage 同步更新","status":"passed","title":"【数据预设】切换主题 → 【预期结果】localStorage 同步更新","duration":5.210799999998926,"failureMessages":[],"meta":{},"tags":[]},{"ancestorTitles":["useTheme Hook"],"fullName":"useTheme Hook 【数据预设】连续切换3次 → 【预期结果】最终为 dark，状态稳定","status":"passed","title":"【数据预设】连续切换3次 → 【预期结果】最终为 dark，状态稳定","duration":8.623900000000503,"failureMessages":[],"meta":{},"tags":[]}],"startTime":1781739395638,"endTime":1781739395729.6238,"status":"passed","message":"","name":"D:/trae_projects/zy_2606_trae_01/src/test/hooks/useTheme.test.ts"},{"assertionResults":[{"ancestorTitles":["lib/utils - cn 函数"],"fullName":"lib/utils - cn 函数 【数据预设】单个字符串类名 → 【预期结果】返回原样","status":"passed","title":"【数据预设】单个字符串类名 → 【预期结果】返回原样","duration":27.063599999999497,"failureMessages":[],"meta":{},"tags":[]},{"ancestorTitles":["lib/utils - cn 函数"],"fullName":"lib/utils - cn 函数 【数据预设】多个字符串类名 → 【预期结果】用空格连接","status":"passed","title":"【数据预设】多个字符串类名 → 【预期结果】用空格连接","duration":2.341600000001563,"failureMessages":[],"meta":{},"tags":[]},{"ancestorTitles":["lib/utils - cn 函数"],"fullName":"lib/utils - cn 函数 【数据预设】包含 undefined 值 → 【预期结果】忽略 undefined","status":"passed","title":"【数据预设】包含 undefined 值 → 【预期结果】忽略 undefined","duration":1.0675000000010186,"failureMessages":[],"meta":{},"tags":[]},{"ancestorTitles":["lib/utils - cn 函数"],"fullName":"lib/utils - cn 函数 【数据预设】包含 null 值 → 【预期结果】忽略 null","status":"passed","title":"【数据预设】包含 null 值 → 【预期结果】忽略 null","duration":0.7003999999997177,"failureMessages":[],"meta":{},"tags":[]},{"ancestorTitles":["lib/utils - cn 函数"],"fullName":"lib/utils - cn 函数 【数据预设】包含 false 值 → 【预期结果】忽略 false","status":"passed","title":"【数据预设】包含 false 值 → 【预期结果】忽略 false","duration":1.120600000000195,"failureMessages":[],"meta":{},"tags":[]},{"ancestorTitles":["lib/utils - cn 函数"],"fullName":"lib/utils - cn 函数 【数据预设】包含对象条件类名 { active: true } → 【预期结果】包含 active","status":"passed","title":"【数据预设】包含对象条件类名 { active: true } → 【预期结果】包含 active","duration":1.1113000000004831,"failureMessages":[],"meta":{},"tags":[]},{"ancestorTitles":["lib/utils - cn 函数"],"fullName":"lib/utils - cn 函数 【数据预设】包含对象条件类名 { active: false } → 【预期结果】不包含 active","status":"passed","title":"【数据预设】包含对象条件类名 { active: false } → 【预期结果】不包含 active","duration":0.6637000000009721,"failureMessages":[],"meta":{},"tags":[]},{"ancestorTitles":["lib/utils - cn 函数"],"fullName":"lib/utils - cn 函数 【数据预设】包含多个条件类名 → 【预期结果】仅包含条件为 true 的","status":"passed","title":"【数据预设】包含多个条件类名 → 【预期结果】仅包含条件为 true 的","duration":1.0197000000007392,"failureMessages":[],"meta":{},"tags":[]},{"ancestorTitles":["lib/utils - cn 函数"],"fullName":"lib/utils - cn 函数 【数据预设】包含数组类名 → 【预期结果】展开数组","status":"passed","title":"【数据预设】包含数组类名 → 【预期结果】展开数组","duration":1.0730000000003201,"failureMessages":[],"meta":{},"tags":[]},{"ancestorTitles":["lib/utils - cn 函数"],"fullName":"lib/utils - cn 函数 【数据预设】混合类型输入 → 【预期结果】正确合并所有有效类名","status":"passed","title":"【数据预设】混合类型输入 → 【预期结果】正确合并所有有效类名","duration":1.185299999999188,"failureMessages":[],"meta":{},"tags":[]},{"ancestorTitles":["lib/utils - cn 函数"],"fullName":"lib/utils - cn 函数 【数据预设】冲突的 Tailwind 类（p-4 和 p-2） → 【预期结果】保留后面的 p-2","status":"passed","title":"【数据预设】冲突的 Tailwind 类（p-4 和 p-2） → 【预期结果】保留后面的 p-2","duration":2.1804000000011,"failureMessages":[],"meta":{},"tags":[]},{"ancestorTitles":["lib/utils - cn 函数"],"fullName":"lib/utils - cn 函数 【数据预设】冲突的 text 颜色类 → 【预期结果】保留后面的颜色","status":"passed","title":"【数据预设】冲突的 text 颜色类 → 【预期结果】保留后面的颜色","duration":0.738999999999578,"failureMessages":[],"meta":{},"tags":[]},{"ancestorTitles":["lib/utils - cn 函数"],"fullName":"lib/utils - cn 函数 【数据预设】空参数 → 【预期结果】返回空字符串","status":"passed","title":"【数据预设】空参数 → 【预期结果】返回空字符串","duration":1.1396999999997206,"failureMessages":[],"meta":{},"tags":[]}],"startTime":1781739394717,"endTime":1781739394759.1396,"status":"passed","message":"","name":"D:/trae_projects/zy_2606_trae_01/src/test/lib/utils.test.ts"},{"assertionResults":[{"ancestorTitles":["CachedStorageAdapter","type 属性"],"fullName":"CachedStorageAdapter type 属性 【数据预设】使用 rest-api 远程适配器 → 【预期结果】type 为 \"rest-api\"","status":"passed","title":"【数据预设】使用 rest-api 远程适配器 → 【预期结果】type 为 \"rest-api\"","duration":9.61830000000009,"failureMessages":[],"meta":{},"tags":[]},{"ancestorTitles":["CachedStorageAdapter","connected 属性"],"fullName":"CachedStorageAdapter connected 属性 【数据预设】初始状态 → 【预期结果】connected 为 false","status":"passed","title":"【数据预设】初始状态 → 【预期结果】connected 为 false","duration":0.8362999999990279,"failureMessages":[],"meta":{},"tags":[]},{"ancestorTitles":["CachedStorageAdapter","load 方法 - 远程正常"],"fullName":"CachedStorageAdapter load 方法 - 远程正常 【数据预设】远程有数据 → 【预期结果】返回远程数据，connected=true，本地缓存同步","status":"passed","title":"【数据预设】远程有数据 → 【预期结果】返回远程数据，connected=true，本地缓存同步","duration":4.795599999999467,"failureMessages":[],"meta":{},"tags":[]},{"ancestorTitles":["CachedStorageAdapter","load 方法 - 远程正常"],"fullName":"CachedStorageAdapter load 方法 - 远程正常 【数据预设】远程无数据 → 【预期结果】返回默认值，connected=true","status":"passed","title":"【数据预设】远程无数据 → 【预期结果】返回默认值，connected=true","duration":1.2299000000002707,"failureMessages":[],"meta":{},"tags":[]},{"ancestorTitles":["CachedStorageAdapter","load 方法 - 远程失败降级"],"fullName":"CachedStorageAdapter load 方法 - 远程失败降级 【数据预设】远程失败，本地有缓存 → 【预期结果】返回本地缓存，connected=false","status":"passed","title":"【数据预设】远程失败，本地有缓存 → 【预期结果】返回本地缓存，connected=false","duration":17.057200000001103,"failureMessages":[],"meta":{},"tags":[]},{"ancestorTitles":["CachedStorageAdapter","load 方法 - 远程失败降级"],"fullName":"CachedStorageAdapter load 方法 - 远程失败降级 【数据预设】远程失败，本地无缓存 → 【预期结果】返回默认值，connected=false","status":"passed","title":"【数据预设】远程失败，本地无缓存 → 【预期结果】返回默认值，connected=false","duration":2.928600000001097,"failureMessages":[],"meta":{},"tags":[]},{"ancestorTitles":["CachedStorageAdapter","save 方法 - 远程正常"],"fullName":"CachedStorageAdapter save 方法 - 远程正常 【数据预设】远程正常，保存数据 → 【预期结果】远程和本地均有数据，connected=true","status":"passed","title":"【数据预设】远程正常，保存数据 → 【预期结果】远程和本地均有数据，connected=true","duration":1.2159999999985303,"failureMessages":[],"meta":{},"tags":[]},{"ancestorTitles":["CachedStorageAdapter","save 方法 - 远程失败"],"fullName":"CachedStorageAdapter save 方法 - 远程失败 【数据预设】远程失败，保存数据 → 【预期结果】仅本地有数据，connected=false","status":"passed","title":"【数据预设】远程失败，保存数据 → 【预期结果】仅本地有数据，connected=false","duration":5.564399999999296,"failureMessages":[],"meta":{},"tags":[]},{"ancestorTitles":["CachedStorageAdapter","remove 方法 - 远程正常"],"fullName":"CachedStorageAdapter remove 方法 - 远程正常 【数据预设】远程正常，删除数据 → 【预期结果】远程和本地均被删除，connected=true","status":"passed","title":"【数据预设】远程正常，删除数据 → 【预期结果】远程和本地均被删除，connected=true","duration":1.831899999999223,"failureMessages":[],"meta":{},"tags":[]},{"ancestorTitles":["CachedStorageAdapter","remove 方法 - 远程失败"],"fullName":"CachedStorageAdapter remove 方法 - 远程失败 【数据预设】远程失败，删除数据 → 【预期结果】仅本地被删除，connected=false","status":"passed","title":"【数据预设】远程失败，删除数据 → 【预期结果】仅本地被删除，connected=false","duration":3.710900000000038,"failureMessages":[],"meta":{},"tags":[]},{"ancestorTitles":["CachedStorageAdapter","testConnection 方法"],"fullName":"CachedStorageAdapter testConnection 方法 【数据预设】远程正常 → 【预期结果】返回 true，connected=true","status":"passed","title":"【数据预设】远程正常 → 【预期结果】返回 true，connected=true","duration":3.3726999999998952,"failureMessages":[],"meta":{},"tags":[]},{"ancestorTitles":["CachedStorageAdapter","testConnection 方法"],"fullName":"CachedStorageAdapter testConnection 方法 【数据预设】远程异常 → 【预期结果】返回 false，connected=false","status":"passed","title":"【数据预设】远程异常 → 【预期结果】返回 false，connected=false","duration":1.5781999999999243,"failureMessages":[],"meta":{},"tags":[]},{"ancestorTitles":["CachedStorageAdapter","setRemoteAdapter 方法"],"fullName":"CachedStorageAdapter setRemoteAdapter 方法 【数据预设】切换远程适配器 → 【预期结果】后续请求走新适配器","status":"passed","title":"【数据预设】切换远程适配器 → 【预期结果】后续请求走新适配器","duration":1.1754000000000815,"failureMessages":[],"meta":{},"tags":[]}],"startTime":1781739390565,"endTime":1781739390624.1753,"status":"passed","message":"","name":"D:/trae_projects/zy_2606_trae_01/src/test/storage/cached-adapter.test.ts"},{"assertionResults":[{"ancestorTitles":["LocalStorageAdapter","type 属性"],"fullName":"LocalStorageAdapter type 属性 【数据预设】新创建实例 → 【预期结果】type 为 \"local\"","status":"passed","title":"【数据预设】新创建实例 → 【预期结果】type 为 \"local\"","duration":5.989600000000792,"failureMessages":[],"meta":{},"tags":[]},{"ancestorTitles":["LocalStorageAdapter","load 方法"],"fullName":"LocalStorageAdapter load 方法 【数据预设】key 不存在，默认值为字符串 → 【预期结果】返回默认字符串","status":"passed","title":"【数据预设】key 不存在，默认值为字符串 → 【预期结果】返回默认字符串","duration":0.6160999999992782,"failureMessages":[],"meta":{},"tags":[]},{"ancestorTitles":["LocalStorageAdapter","load 方法"],"fullName":"LocalStorageAdapter load 方法 【数据预设】key 不存在，默认值为数组 → 【预期结果】返回默认数组","status":"passed","title":"【数据预设】key 不存在，默认值为数组 → 【预期结果】返回默认数组","duration":1.7320999999974447,"failureMessages":[],"meta":{},"tags":[]},{"ancestorTitles":["LocalStorageAdapter","load 方法"],"fullName":"LocalStorageAdapter load 方法 【数据预设】key 不存在，默认值为对象 → 【预期结果】返回默认对象","status":"passed","title":"【数据预设】key 不存在，默认值为对象 → 【预期结果】返回默认对象","duration":1.4506000000001222,"failureMessages":[],"meta":{},"tags":[]},{"ancestorTitles":["LocalStorageAdapter","load 方法"],"fullName":"LocalStorageAdapter load 方法 【数据预设】先保存再读取字符串 → 【预期结果】返回保存的值","status":"passed","title":"【数据预设】先保存再读取字符串 → 【预期结果】返回保存的值","duration":1.3641999999999825,"failureMessages":[],"meta":{},"tags":[]},{"ancestorTitles":["LocalStorageAdapter","load 方法"],"fullName":"LocalStorageAdapter load 方法 【数据预设】先保存再读取对象 → 【预期结果】返回保存的对象","status":"passed","title":"【数据预设】先保存再读取对象 → 【预期结果】返回保存的对象","duration":2.2221000000026834,"failureMessages":[],"meta":{},"tags":[]},{"ancestorTitles":["LocalStorageAdapter","load 方法"],"fullName":"LocalStorageAdapter load 方法 【数据预设】先保存再读取数组 → 【预期结果】返回保存的数组","status":"passed","title":"【数据预设】先保存再读取数组 → 【预期结果】返回保存的数组","duration":0.9048000000002503,"failureMessages":[],"meta":{},"tags":[]},{"ancestorTitles":["LocalStorageAdapter","load 方法"],"fullName":"LocalStorageAdapter load 方法 【数据预设】存储内容为非法 JSON → 【预期结果】返回默认值，不抛异常","status":"passed","title":"【数据预设】存储内容为非法 JSON → 【预期结果】返回默认值，不抛异常","duration":12.024799999999232,"failureMessages":[],"meta":{},"tags":[]},{"ancestorTitles":["LocalStorageAdapter","load 方法"],"fullName":"LocalStorageAdapter load 方法 【数据预设】不同 key 互不干扰 → 【预期结果】读取各自的值","status":"passed","title":"【数据预设】不同 key 互不干扰 → 【预期结果】读取各自的值","duration":3.8915999999990163,"failureMessages":[],"meta":{},"tags":[]},{"ancestorTitles":["LocalStorageAdapter","save 方法"],"fullName":"LocalStorageAdapter save 方法 【数据预设】保存字符串 → 【预期结果】localStorage 中有带前缀的对应数据","status":"passed","title":"【数据预设】保存字符串 → 【预期结果】localStorage 中有带前缀的对应数据","duration":1.057199999999284,"failureMessages":[],"meta":{},"tags":[]},{"ancestorTitles":["LocalStorageAdapter","save 方法"],"fullName":"LocalStorageAdapter save 方法 【数据预设】保存 null → 【预期结果】存储为 \"null\"","status":"passed","title":"【数据预设】保存 null → 【预期结果】存储为 \"null\"","duration":0.3837000000021362,"failureMessages":[],"meta":{},"tags":[]},{"ancestorTitles":["LocalStorageAdapter","save 方法"],"fullName":"LocalStorageAdapter save 方法 【数据预设】保存数字 0 → 【预期结果】存储为 \"0\"","status":"passed","title":"【数据预设】保存数字 0 → 【预期结果】存储为 \"0\"","duration":0.5226000000002387,"failureMessages":[],"meta":{},"tags":[]},{"ancestorTitles":["LocalStorageAdapter","save 方法"],"fullName":"LocalStorageAdapter save 方法 【数据预设】保存 false → 【预期结果】存储为 \"false\"","status":"passed","title":"【数据预设】保存 false → 【预期结果】存储为 \"false\"","duration":0.7943000000013853,"failureMessages":[],"meta":{},"tags":[]},{"ancestorTitles":["LocalStorageAdapter","save 方法"],"fullName":"LocalStorageAdapter save 方法 【数据预设】覆盖已有值 → 【预期结果】返回新值","status":"passed","title":"【数据预设】覆盖已有值 → 【预期结果】返回新值","duration":0.805899999999383,"failureMessages":[],"meta":{},"tags":[]},{"ancestorTitles":["LocalStorageAdapter","remove 方法"],"fullName":"LocalStorageAdapter remove 方法 【数据预设】key 存在 → 【预期结果】删除后读取返回默认值","status":"passed","title":"【数据预设】key 存在 → 【预期结果】删除后读取返回默认值","duration":1.0918999999994412,"failureMessages":[],"meta":{},"tags":[]},{"ancestorTitles":["LocalStorageAdapter","remove 方法"],"fullName":"LocalStorageAdapter remove 方法 【数据预设】key 不存在 → 【预期结果】不抛出异常","status":"passed","title":"【数据预设】key 不存在 → 【预期结果】不抛出异常","duration":3.1208000000005995,"failureMessages":[],"meta":{},"tags":[]},{"ancestorTitles":["LocalStorageAdapter","remove 方法"],"fullName":"LocalStorageAdapter remove 方法 【数据预设】删除一个 key → 【预期结果】其他 key 不受影响","status":"passed","title":"【数据预设】删除一个 key → 【预期结果】其他 key 不受影响","duration":0.7172000000027765,"failureMessages":[],"meta":{},"tags":[]},{"ancestorTitles":["LocalStorageAdapter","testConnection 方法"],"fullName":"LocalStorageAdapter testConnection 方法 【数据预设】正常环境 → 【预期结果】返回 true","status":"passed","title":"【数据预设】正常环境 → 【预期结果】返回 true","duration":0.7308000000011816,"failureMessages":[],"meta":{},"tags":[]},{"ancestorTitles":["LocalStorageAdapter","testConnection 方法"],"fullName":"LocalStorageAdapter testConnection 方法 【数据预设】testConnection 不残留测试数据 → 【预期结果】localStorage 中无测试 key","status":"passed","title":"【数据预设】testConnection 不残留测试数据 → 【预期结果】localStorage 中无测试 key","duration":0.548399999999674,"failureMessages":[],"meta":{},"tags":[]}],"startTime":1781739398416,"endTime":1781739398457.5483,"status":"passed","message":"","name":"D:/trae_projects/zy_2606_trae_01/src/test/storage/local-adapter.test.ts"},{"assertionResults":[{"ancestorTitles":["StorageProvider","初始状态"],"fullName":"StorageProvider 初始状态 【数据预设】新创建实例 → 【预期结果】provider type 为 local，connected 为 true","status":"passed","title":"【数据预设】新创建实例 → 【预期结果】provider type 为 local，connected 为 true","duration":9.142500000001746,"failureMessages":[],"meta":{},"tags":[]},{"ancestorTitles":["StorageProvider","初始状态"],"fullName":"StorageProvider 初始状态 【数据预设】初始配置 → 【预期结果】type 为 local，其他字段为空","status":"passed","title":"【数据预设】初始配置 → 【预期结果】type 为 local，其他字段为空","duration":1.2167000000008557,"failureMessages":[],"meta":{},"tags":[]},{"ancestorTitles":["StorageProvider","switchProvider - local"],"fullName":"StorageProvider switchProvider - local 【数据预设】切换到 local → 【预期结果】返回 true，type 为 local，配置持久化","status":"passed","title":"【数据预设】切换到 local → 【预期结果】返回 true，type 为 local，配置持久化","duration":3.037400000001071,"failureMessages":[],"meta":{},"tags":[]},{"ancestorTitles":["StorageProvider","switchProvider - rest-api"],"fullName":"StorageProvider switchProvider - rest-api 【数据预设】切换到 rest-api，baseUrl 有效 → 【预期结果】返回 true，type 为 rest-api","status":"passed","title":"【数据预设】切换到 rest-api，baseUrl 有效 → 【预期结果】返回 true，type 为 rest-api","duration":1.9903999999987718,"failureMessages":[],"meta":{},"tags":[]},{"ancestorTitles":["StorageProvider","switchProvider - rest-api"],"fullName":"StorageProvider switchProvider - rest-api 【数据预设】切换到 rest-api，baseUrl 为空 → 【预期结果】返回 false，保持 local","status":"passed","title":"【数据预设】切换到 rest-api，baseUrl 为空 → 【预期结果】返回 false，保持 local","duration":1.0398999999997613,"failureMessages":[],"meta":{},"tags":[]},{"ancestorTitles":["StorageProvider","testConnection"],"fullName":"StorageProvider testConnection 【数据预设】测试 local → 【预期结果】返回 true","status":"passed","title":"【数据预设】测试 local → 【预期结果】返回 true","duration":1.1274999999986903,"failureMessages":[],"meta":{},"tags":[]},{"ancestorTitles":["StorageProvider","testConnection"],"fullName":"StorageProvider testConnection 【数据预设】测试 rest-api，baseUrl 有效 → 【预期结果】返回 true","status":"passed","title":"【数据预设】测试 rest-api，baseUrl 有效 → 【预期结果】返回 true","duration":1.4474999999983993,"failureMessages":[],"meta":{},"tags":[]},{"ancestorTitles":["StorageProvider","testConnection"],"fullName":"StorageProvider testConnection 【数据预设】测试 rest-api，baseUrl 为空 → 【预期结果】返回 false","status":"passed","title":"【数据预设】测试 rest-api，baseUrl 为空 → 【预期结果】返回 false","duration":0.5581999999994878,"failureMessages":[],"meta":{},"tags":[]},{"ancestorTitles":["StorageProvider","init 方法"],"fullName":"StorageProvider init 方法 【数据预设】无保存配置 → 【预期结果】保持 local","status":"passed","title":"【数据预设】无保存配置 → 【预期结果】保持 local","duration":0.8865000000005239,"failureMessages":[],"meta":{},"tags":[]},{"ancestorTitles":["StorageProvider","init 方法"],"fullName":"StorageProvider init 方法 【数据预设】保存了 rest-api 配置 → 【预期结果】init 后自动切换到 rest-api","status":"passed","title":"【数据预设】保存了 rest-api 配置 → 【预期结果】init 后自动切换到 rest-api","duration":0.7498000000014144,"failureMessages":[],"meta":{},"tags":[]},{"ancestorTitles":["StorageProvider","load/save/remove 委托"],"fullName":"StorageProvider load/save/remove 委托 【数据预设】load 调用 → 【预期结果】委托给当前适配器","status":"passed","title":"【数据预设】load 调用 → 【预期结果】委托给当前适配器","duration":2.213399999996909,"failureMessages":[],"meta":{},"tags":[]},{"ancestorTitles":["StorageProvider","load/save/remove 委托"],"fullName":"StorageProvider load/save/remove 委托 【数据预设】save 调用 → 【预期结果】委托给当前适配器","status":"passed","title":"【数据预设】save 调用 → 【预期结果】委托给当前适配器","duration":0.7730000000010477,"failureMessages":[],"meta":{},"tags":[]},{"ancestorTitles":["StorageProvider","load/save/remove 委托"],"fullName":"StorageProvider load/save/remove 委托 【数据预设】remove 调用 → 【预期结果】委托给当前适配器","status":"passed","title":"【数据预设】remove 调用 → 【预期结果】委托给当前适配器","duration":0.8889999999992142,"failureMessages":[],"meta":{},"tags":[]}],"startTime":1781739399390,"endTime":1781739399416.889,"status":"passed","message":"","name":"D:/trae_projects/zy_2606_trae_01/src/test/storage/provider.test.ts"},{"assertionResults":[{"ancestorTitles":["Zustand Store - 状态管理","初始状态"],"fullName":"Zustand Store - 状态管理 初始状态 【数据预设】未调用 init → 【预期结果】foods/logs/roommates 为空，selectedOwner 为 \"all\"","status":"passed","title":"【数据预设】未调用 init → 【预期结果】foods/logs/roommates 为空，selectedOwner 为 \"all\"","duration":11.904600000001665,"failureMessages":[],"meta":{},"tags":[]},{"ancestorTitles":["Zustand Store - 状态管理","init 方法"],"fullName":"Zustand Store - 状态管理 init 方法 【数据预设】无保存数据，加载默认值 → 【预期结果】加载默认食物/室友/日志","status":"passed","title":"【数据预设】无保存数据，加载默认值 → 【预期结果】加载默认食物/室友/日志","duration":7.938400000000911,"failureMessages":[],"meta":{},"tags":[]},{"ancestorTitles":["Zustand Store - 状态管理","setCurrentUser"],"fullName":"Zustand Store - 状态管理 setCurrentUser 【数据预设】设置当前用户为 \"小红\" → 【预期结果】currentUser 更新并持久化","status":"passed","title":"【数据预设】设置当前用户为 \"小红\" → 【预期结果】currentUser 更新并持久化","duration":5.977999999999156,"failureMessages":[],"meta":{},"tags":[]},{"ancestorTitles":["Zustand Store - 状态管理","setSelectedOwner / 筛选"],"fullName":"Zustand Store - 状态管理 setSelectedOwner / 筛选 【数据预设】selectedOwner = \"all\" → 【预期结果】getFilteredFoods 返回全部 4 条","status":"passed","title":"【数据预设】selectedOwner = \"all\" → 【预期结果】getFilteredFoods 返回全部 4 条","duration":2.7435999999997875,"failureMessages":[],"meta":{},"tags":[]},{"ancestorTitles":["Zustand Store - 状态管理","setSelectedOwner / 筛选"],"fullName":"Zustand Store - 状态管理 setSelectedOwner / 筛选 【数据预设】selectedOwner = \"小明\" → 【预期结果】getFilteredFoods 返回小明拥有的 2 条","status":"passed","title":"【数据预设】selectedOwner = \"小明\" → 【预期结果】getFilteredFoods 返回小明拥有的 2 条","duration":5.096400000000358,"failureMessages":[],"meta":{},"tags":[]},{"ancestorTitles":["Zustand Store - 状态管理","setSelectedOwner / 筛选"],"fullName":"Zustand Store - 状态管理 setSelectedOwner / 筛选 【数据预设】selectedOwner = \"小刚\" → 【预期结果】getFilteredFoods 返回小刚拥有的 1 条","status":"passed","title":"【数据预设】selectedOwner = \"小刚\" → 【预期结果】getFilteredFoods 返回小刚拥有的 1 条","duration":2.6450999999997293,"failureMessages":[],"meta":{},"tags":[]},{"ancestorTitles":["Zustand Store - 状态管理","UI 开关类方法"],"fullName":"Zustand Store - 状态管理 UI 开关类方法 【数据预设】toggleLogDrawer() 无参数 → 【预期结果】在 false/true 之间切换","status":"passed","title":"【数据预设】toggleLogDrawer() 无参数 → 【预期结果】在 false/true 之间切换","duration":1.7002000000011321,"failureMessages":[],"meta":{},"tags":[]},{"ancestorTitles":["Zustand Store - 状态管理","UI 开关类方法"],"fullName":"Zustand Store - 状态管理 UI 开关类方法 【数据预设】toggleLogDrawer(true) → 【预期结果】强制设为 true","status":"passed","title":"【数据预设】toggleLogDrawer(true) → 【预期结果】强制设为 true","duration":1.1247000000003027,"failureMessages":[],"meta":{},"tags":[]},{"ancestorTitles":["Zustand Store - 状态管理","UI 开关类方法"],"fullName":"Zustand Store - 状态管理 UI 开关类方法 【数据预设】toggleFoodForm(false) → 【预期结果】强制设为 false","status":"passed","title":"【数据预设】toggleFoodForm(false) → 【预期结果】强制设为 false","duration":2.2796999999991385,"failureMessages":[],"meta":{},"tags":[]},{"ancestorTitles":["Zustand Store - 状态管理","UI 开关类方法"],"fullName":"Zustand Store - 状态管理 UI 开关类方法 【数据预设】toggleStorageSettings() → 【预期结果】切换状态","status":"passed","title":"【数据预设】toggleStorageSettings() → 【预期结果】切换状态","duration":1.8154000000013184,"failureMessages":[],"meta":{},"tags":[]},{"ancestorTitles":["Zustand Store - 状态管理","canOperateFood"],"fullName":"Zustand Store - 状态管理 canOperateFood 【数据预设】用户在 owners 中 → 【预期结果】返回 true","status":"passed","title":"【数据预设】用户在 owners 中 → 【预期结果】返回 true","duration":2.9459999999999127,"failureMessages":[],"meta":{},"tags":[]},{"ancestorTitles":["Zustand Store - 状态管理","canOperateFood"],"fullName":"Zustand Store - 状态管理 canOperateFood 【数据预设】用户不在 owners 中 → 【预期结果】返回 false","status":"passed","title":"【数据预设】用户不在 owners 中 → 【预期结果】返回 false","duration":2.720600000000559,"failureMessages":[],"meta":{},"tags":[]},{"ancestorTitles":["Zustand Store - 状态管理","openConfirm / closeConfirm"],"fullName":"Zustand Store - 状态管理 openConfirm / closeConfirm 【数据预设】当前用户是小明，打开小明拥有的食物 → 【预期结果】confirmData 被设置","status":"passed","title":"【数据预设】当前用户是小明，打开小明拥有的食物 → 【预期结果】confirmData 被设置","duration":2.679600000001301,"failureMessages":[],"meta":{},"tags":[]},{"ancestorTitles":["Zustand Store - 状态管理","openConfirm / closeConfirm"],"fullName":"Zustand Store - 状态管理 openConfirm / closeConfirm 【数据预设】当前用户是小明，打开小刚拥有的食物 → 【预期结果】confirmData 为 null（无权）","status":"passed","title":"【数据预设】当前用户是小明，打开小刚拥有的食物 → 【预期结果】confirmData 为 null（无权）","duration":2.10609999999906,"failureMessages":[],"meta":{},"tags":[]},{"ancestorTitles":["Zustand Store - 状态管理","openConfirm / closeConfirm"],"fullName":"Zustand Store - 状态管理 openConfirm / closeConfirm 【数据预设】closeConfirm 被调用 → 【预期结果】confirmData 变为 null","status":"passed","title":"【数据预设】closeConfirm 被调用 → 【预期结果】confirmData 变为 null","duration":2.1836999999995896,"failureMessages":[],"meta":{},"tags":[]},{"ancestorTitles":["Zustand Store - 状态管理","addFood"],"fullName":"Zustand Store - 状态管理 addFood 【数据预设】新增一条食物 → 【预期结果】foods 数量 +1，form 关闭，持久化","status":"passed","title":"【数据预设】新增一条食物 → 【预期结果】foods 数量 +1，form 关闭，持久化","duration":3.04320000000007,"failureMessages":[],"meta":{},"tags":[]},{"ancestorTitles":["Zustand Store - 状态管理","handleAction - 吃掉/丢弃"],"fullName":"Zustand Store - 状态管理 handleAction - 吃掉/丢弃 【数据预设】小明吃掉自己的鲜牛奶 → 【预期结果】foods 数量 -1，新增一条 consume 日志","status":"passed","title":"【数据预设】小明吃掉自己的鲜牛奶 → 【预期结果】foods 数量 -1，新增一条 consume 日志","duration":3.0851000000002387,"failureMessages":[],"meta":{},"tags":[]},{"ancestorTitles":["Zustand Store - 状态管理","handleAction - 吃掉/丢弃"],"fullName":"Zustand Store - 状态管理 handleAction - 吃掉/丢弃 【数据预设】小明丢弃不属于自己的希腊酸奶 → 【预期结果】返回 false，无变化","status":"passed","title":"【数据预设】小明丢弃不属于自己的希腊酸奶 → 【预期结果】返回 false，无变化","duration":2.2554999999993015,"failureMessages":[],"meta":{},"tags":[]},{"ancestorTitles":["Zustand Store - 状态管理","handleAction - 吃掉/丢弃"],"fullName":"Zustand Store - 状态管理 handleAction - 吃掉/丢弃 【数据预设】操作不存在的 foodId → 【预期结果】返回 false","status":"passed","title":"【数据预设】操作不存在的 foodId → 【预期结果】返回 false","duration":1.33980000000156,"failureMessages":[],"meta":{},"tags":[]},{"ancestorTitles":["Zustand Store - 状态管理","handleAction - 吃掉/丢弃"],"fullName":"Zustand Store - 状态管理 handleAction - 吃掉/丢弃 【数据预设】小红丢弃属于自己的牛排 → 【预期结果】新增 discard 日志，food 从列表移除","status":"passed","title":"【数据预设】小红丢弃属于自己的牛排 → 【预期结果】新增 discard 日志，food 从列表移除","duration":1.6584000000002561,"failureMessages":[],"meta":{},"tags":[]},{"ancestorTitles":["Zustand Store - 状态管理","addRoommate"],"fullName":"Zustand Store - 状态管理 addRoommate 【数据预设】添加新室友 \"小王\" → 【预期结果】roommates 数量 +1，持久化","status":"passed","title":"【数据预设】添加新室友 \"小王\" → 【预期结果】roommates 数量 +1，持久化","duration":15.124300000001313,"failureMessages":[],"meta":{},"tags":[]},{"ancestorTitles":["Zustand Store - 状态管理","addRoommate"],"fullName":"Zustand Store - 状态管理 addRoommate 【数据预设】添加已存在的室友 → 【预期结果】不重复添加","status":"passed","title":"【数据预设】添加已存在的室友 → 【预期结果】不重复添加","duration":1.3654999999998836,"failureMessages":[],"meta":{},"tags":[]},{"ancestorTitles":["Zustand Store - 状态管理","addRoommate"],"fullName":"Zustand Store - 状态管理 addRoommate 【数据预设】添加空字符串 → 【预期结果】不添加","status":"passed","title":"【数据预设】添加空字符串 → 【预期结果】不添加","duration":7.668299999999363,"failureMessages":[],"meta":{},"tags":[]},{"ancestorTitles":["Zustand Store - 状态管理","getStats"],"fullName":"Zustand Store - 状态管理 getStats 【数据预设】all 筛选 → 【预期结果】total=4, expired=1, expiring=1, fresh=2","status":"passed","title":"【数据预设】all 筛选 → 【预期结果】total=4, expired=1, expiring=1, fresh=2","duration":2.0223000000005413,"failureMessages":[],"meta":{},"tags":[]},{"ancestorTitles":["Zustand Store - 状态管理","getStats"],"fullName":"Zustand Store - 状态管理 getStats 【数据预设】筛选\"小明\" → 【预期结果】total=2, expired=0, expiring=0, fresh=2","status":"passed","title":"【数据预设】筛选\"小明\" → 【预期结果】total=2, expired=0, expiring=0, fresh=2","duration":4.703299999999217,"failureMessages":[],"meta":{},"tags":[]},{"ancestorTitles":["Zustand Store - 状态管理","getFoodsByStatus"],"fullName":"Zustand Store - 状态管理 getFoodsByStatus 【数据预设】all 筛选 → 【预期结果】分组正确且按剩余天数升序","status":"passed","title":"【数据预设】all 筛选 → 【预期结果】分组正确且按剩余天数升序","duration":14.793899999998757,"failureMessages":[],"meta":{},"tags":[]},{"ancestorTitles":["Zustand Store - 状态管理","存储配置相关"],"fullName":"Zustand Store - 状态管理 存储配置相关 【数据预设】getStorageConfig → 【预期结果】委托给 storageProvider","status":"passed","title":"【数据预设】getStorageConfig → 【预期结果】委托给 storageProvider","duration":1.914600000000064,"failureMessages":[],"meta":{},"tags":[]},{"ancestorTitles":["Zustand Store - 状态管理","存储配置相关"],"fullName":"Zustand Store - 状态管理 存储配置相关 【数据预设】testStorageConnection → 【预期结果】委托给 storageProvider","status":"passed","title":"【数据预设】testStorageConnection → 【预期结果】委托给 storageProvider","duration":2.081500000000233,"failureMessages":[],"meta":{},"tags":[]}],"startTime":1781739390549,"endTime":1781739390674.0815,"status":"passed","message":"","name":"D:/trae_projects/zy_2606_trae_01/src/test/store/index.test.ts"},{"assertionResults":[{"ancestorTitles":["Date 工具函数","formatDate"],"fullName":"Date 工具函数 formatDate 【数据预设】日期对象 + YYYY-MM-DD 格式 → 【预期结果】返回格式化日期字符串","status":"passed","title":"【数据预设】日期对象 + YYYY-MM-DD 格式 → 【预期结果】返回格式化日期字符串","duration":12.466800000000148,"failureMessages":[],"meta":{},"tags":[]},{"ancestorTitles":["Date 工具函数","formatDate"],"fullName":"Date 工具函数 formatDate 【数据预设】ISO 日期字符串 + YYYY-MM-DD 格式 → 【预期结果】返回格式化日期字符串","status":"passed","title":"【数据预设】ISO 日期字符串 + YYYY-MM-DD 格式 → 【预期结果】返回格式化日期字符串","duration":0.769799999998213,"failureMessages":[],"meta":{},"tags":[]},{"ancestorTitles":["Date 工具函数","formatDate"],"fullName":"Date 工具函数 formatDate 【数据预设】日期对象 + full 格式 → 【预期结果】返回完整日期时间字符串","status":"passed","title":"【数据预设】日期对象 + full 格式 → 【预期结果】返回完整日期时间字符串","duration":0.8734999999996944,"failureMessages":[],"meta":{},"tags":[]},{"ancestorTitles":["Date 工具函数","formatDate"],"fullName":"Date 工具函数 formatDate 【数据预设】相对时间格式 - 刚刚 → 【预期结果】返回\"刚刚\"","status":"passed","title":"【数据预设】相对时间格式 - 刚刚 → 【预期结果】返回\"刚刚\"","duration":0.7641999999996187,"failureMessages":[],"meta":{},"tags":[]},{"ancestorTitles":["Date 工具函数","formatDate"],"fullName":"Date 工具函数 formatDate 【数据预设】相对时间格式 - 30分钟前 → 【预期结果】返回\"30分钟前\"","status":"passed","title":"【数据预设】相对时间格式 - 30分钟前 → 【预期结果】返回\"30分钟前\"","duration":1.3347000000012486,"failureMessages":[],"meta":{},"tags":[]},{"ancestorTitles":["Date 工具函数","formatDate"],"fullName":"Date 工具函数 formatDate 【数据预设】相对时间格式 - 5小时前 → 【预期结果】返回\"5小时前\"","status":"passed","title":"【数据预设】相对时间格式 - 5小时前 → 【预期结果】返回\"5小时前\"","duration":0.6334000000006199,"failureMessages":[],"meta":{},"tags":[]},{"ancestorTitles":["Date 工具函数","formatDate"],"fullName":"Date 工具函数 formatDate 【数据预设】相对时间格式 - 3天前 → 【预期结果】返回\"3天前\"","status":"passed","title":"【数据预设】相对时间格式 - 3天前 → 【预期结果】返回\"3天前\"","duration":0.6036999999996624,"failureMessages":[],"meta":{},"tags":[]},{"ancestorTitles":["Date 工具函数","formatDate"],"fullName":"Date 工具函数 formatDate 【数据预设】相对时间格式 - 超过7天 → 【预期结果】返回YYYY-MM-DD格式","status":"passed","title":"【数据预设】相对时间格式 - 超过7天 → 【预期结果】返回YYYY-MM-DD格式","duration":0.743400000001202,"failureMessages":[],"meta":{},"tags":[]},{"ancestorTitles":["Date 工具函数","formatDate"],"fullName":"Date 工具函数 formatDate 【数据预设】默认格式参数 → 【预期结果】使用 YYYY-MM-DD 格式","status":"passed","title":"【数据预设】默认格式参数 → 【预期结果】使用 YYYY-MM-DD 格式","duration":0.9873000000006869,"failureMessages":[],"meta":{},"tags":[]},{"ancestorTitles":["Date 工具函数","getTodayString"],"fullName":"Date 工具函数 getTodayString 【数据预设】无参数 → 【预期结果】返回今天的 YYYY-MM-DD 格式日期","status":"passed","title":"【数据预设】无参数 → 【预期结果】返回今天的 YYYY-MM-DD 格式日期","duration":2.204299999999421,"failureMessages":[],"meta":{},"tags":[]},{"ancestorTitles":["Date 工具函数","calculateFreshness"],"fullName":"Date 工具函数 calculateFreshness 【数据预设】购买于今天前10天，保质期7天 → 【预期结果】状态为 expired，剩余天数为 -3","status":"passed","title":"【数据预设】购买于今天前10天，保质期7天 → 【预期结果】状态为 expired，剩余天数为 -3","duration":7.62670000000071,"failureMessages":[],"meta":{},"tags":[]},{"ancestorTitles":["Date 工具函数","calculateFreshness"],"fullName":"Date 工具函数 calculateFreshness 【数据预设】购买于今天前6天，保质期7天 → 【预期结果】状态为 expired，剩余天数为 0","status":"passed","title":"【数据预设】购买于今天前6天，保质期7天 → 【预期结果】状态为 expired，剩余天数为 0","duration":2.6772000000000844,"failureMessages":[],"meta":{},"tags":[]},{"ancestorTitles":["Date 工具函数","calculateFreshness"],"fullName":"Date 工具函数 calculateFreshness 【数据预设】购买于今天前5天，保质期7天 → 【预期结果】状态为 expiring，剩余天数为 2","status":"passed","title":"【数据预设】购买于今天前5天，保质期7天 → 【预期结果】状态为 expiring，剩余天数为 2","duration":1.7849000000005617,"failureMessages":[],"meta":{},"tags":[]},{"ancestorTitles":["Date 工具函数","calculateFreshness"],"fullName":"Date 工具函数 calculateFreshness 【数据预设】购买于今天前4天，保质期7天 → 【预期结果】状态为 fresh，剩余天数为 3","status":"passed","title":"【数据预设】购买于今天前4天，保质期7天 → 【预期结果】状态为 fresh，剩余天数为 3","duration":2.1134000000001834,"failureMessages":[],"meta":{},"tags":[]},{"ancestorTitles":["Date 工具函数","calculateFreshness"],"fullName":"Date 工具函数 calculateFreshness 【数据预设】购买于今天前1天，保质期7天 → 【预期结果】状态为 fresh，剩余天数为 6","status":"passed","title":"【数据预设】购买于今天前1天，保质期7天 → 【预期结果】状态为 fresh，剩余天数为 6","duration":2.0133999999998196,"failureMessages":[],"meta":{},"tags":[]},{"ancestorTitles":["Date 工具函数","calculateFreshness"],"fullName":"Date 工具函数 calculateFreshness 【数据预设】购买于今天，保质期30天 → 【预期结果】状态为 fresh，剩余天数为 30","status":"passed","title":"【数据预设】购买于今天，保质期30天 → 【预期结果】状态为 fresh，剩余天数为 30","duration":1.6250999999992928,"failureMessages":[],"meta":{},"tags":[]},{"ancestorTitles":["Date 工具函数","calculateFreshness"],"fullName":"Date 工具函数 calculateFreshness 【数据预设】购买于昨天，保质期3天 → 【预期结果】状态为 expiring，剩余天数为 2","status":"passed","title":"【数据预设】购买于昨天，保质期3天 → 【预期结果】状态为 expiring，剩余天数为 2","duration":1.5679999999993015,"failureMessages":[],"meta":{},"tags":[]},{"ancestorTitles":["Date 工具函数","addDays"],"fullName":"Date 工具函数 addDays 【数据预设】2024-01-15 + 5天 → 【预期结果】2024-01-20","status":"passed","title":"【数据预设】2024-01-15 + 5天 → 【预期结果】2024-01-20","duration":0.49170000000049185,"failureMessages":[],"meta":{},"tags":[]},{"ancestorTitles":["Date 工具函数","addDays"],"fullName":"Date 工具函数 addDays 【数据预设】2024-01-31 + 1天 → 【预期结果】2024-02-01（跨月）","status":"passed","title":"【数据预设】2024-01-31 + 1天 → 【预期结果】2024-02-01（跨月）","duration":0.4113999999990483,"failureMessages":[],"meta":{},"tags":[]},{"ancestorTitles":["Date 工具函数","addDays"],"fullName":"Date 工具函数 addDays 【数据预设】2024-02-28 + 2天（闰年） → 【预期结果】2024-03-01","status":"passed","title":"【数据预设】2024-02-28 + 2天（闰年） → 【预期结果】2024-03-01","duration":0.3845999999994092,"failureMessages":[],"meta":{},"tags":[]},{"ancestorTitles":["Date 工具函数","addDays"],"fullName":"Date 工具函数 addDays 【数据预设】2024-12-31 + 1天 → 【预期结果】2025-01-01（跨年）","status":"passed","title":"【数据预设】2024-12-31 + 1天 → 【预期结果】2025-01-01（跨年）","duration":0.5468999999993684,"failureMessages":[],"meta":{},"tags":[]},{"ancestorTitles":["Date 工具函数","addDays"],"fullName":"Date 工具函数 addDays 【数据预设】2024-01-15 + (-3)天 → 【预期结果】2024-01-12（负数天数）","status":"passed","title":"【数据预设】2024-01-15 + (-3)天 → 【预期结果】2024-01-12（负数天数）","duration":0.36670000000049185,"failureMessages":[],"meta":{},"tags":[]},{"ancestorTitles":["Date 工具函数","addDays"],"fullName":"Date 工具函数 addDays 【数据预设】2024-01-15 + 0天 → 【预期结果】2024-01-15","status":"passed","title":"【数据预设】2024-01-15 + 0天 → 【预期结果】2024-01-15","duration":0.34649999999965075,"failureMessages":[],"meta":{},"tags":[]}],"startTime":1781739390508,"endTime":1781739390560.3464,"status":"passed","message":"","name":"D:/trae_projects/zy_2606_trae_01/src/test/utils/date.test.ts"},{"assertionResults":[{"ancestorTitles":["ID 工具函数","generateId"],"fullName":"ID 工具函数 generateId 【数据预设】无参数 → 【预期结果】返回非空字符串","status":"passed","title":"【数据预设】无参数 → 【预期结果】返回非空字符串","duration":4.683899999999994,"failureMessages":[],"meta":{},"tags":[]},{"ancestorTitles":["ID 工具函数","generateId"],"fullName":"ID 工具函数 generateId 【数据预设】连续调用两次 → 【预期结果】返回不同的 ID（唯一性）","status":"passed","title":"【数据预设】连续调用两次 → 【预期结果】返回不同的 ID（唯一性）","duration":1.724000000001979,"failureMessages":[],"meta":{},"tags":[]},{"ancestorTitles":["ID 工具函数","generateId"],"fullName":"ID 工具函数 generateId 【数据预设】连续调用1000次 → 【预期结果】所有 ID 均不重复","status":"passed","title":"【数据预设】连续调用1000次 → 【预期结果】所有 ID 均不重复","duration":3.1600999999973283,"failureMessages":[],"meta":{},"tags":[]},{"ancestorTitles":["ID 工具函数","generateId"],"fullName":"ID 工具函数 generateId 【数据预设】ID 格式 → 【预期结果】包含连字符分隔符","status":"passed","title":"【数据预设】ID 格式 → 【预期结果】包含连字符分隔符","duration":0.7194999999992433,"failureMessages":[],"meta":{},"tags":[]},{"ancestorTitles":["ID 工具函数","generateId"],"fullName":"ID 工具函数 generateId 【数据预设】ID 格式 → 【预期结果】格式为 timestamp-random","status":"passed","title":"【数据预设】ID 格式 → 【预期结果】格式为 timestamp-random","duration":0.8558000000011816,"failureMessages":[],"meta":{},"tags":[]},{"ancestorTitles":["ID 工具函数","generateId"],"fullName":"ID 工具函数 generateId 【数据预设】ID 字符 → 【预期结果】只包含小写字母、数字和连字符","status":"passed","title":"【数据预设】ID 字符 → 【预期结果】只包含小写字母、数字和连字符","duration":0.8627999999989697,"failureMessages":[],"meta":{},"tags":[]}],"startTime":1781739401289,"endTime":1781739401300.8628,"status":"passed","message":"","name":"D:/trae_projects/zy_2606_trae_01/src/test/utils/id.test.ts"},{"assertionResults":[{"ancestorTitles":["Storage 工具函数","getStorageKey"],"fullName":"Storage 工具函数 getStorageKey 【数据预设】key 为 \"foods\" → 【预期结果】返回带前缀的 key \"fridge-manager-foods\"","status":"passed","title":"【数据预设】key 为 \"foods\" → 【预期结果】返回带前缀的 key \"fridge-manager-foods\"","duration":5.300500000001193,"failureMessages":[],"meta":{},"tags":[]},{"ancestorTitles":["Storage 工具函数","getStorageKey"],"fullName":"Storage 工具函数 getStorageKey 【数据预设】key 为 \"test-key\" → 【预期结果】返回带前缀的 key \"fridge-manager-test-key\"","status":"passed","title":"【数据预设】key 为 \"test-key\" → 【预期结果】返回带前缀的 key \"fridge-manager-test-key\"","duration":0.8764999999984866,"failureMessages":[],"meta":{},"tags":[]},{"ancestorTitles":["Storage 工具函数","getStorageKey"],"fullName":"Storage 工具函数 getStorageKey 【数据预设】key 为空字符串 → 【预期结果】返回仅含前缀 \"fridge-manager-\"","status":"passed","title":"【数据预设】key 为空字符串 → 【预期结果】返回仅含前缀 \"fridge-manager-\"","duration":1.0760000000009313,"failureMessages":[],"meta":{},"tags":[]},{"ancestorTitles":["Storage 工具函数","saveToStorage"],"fullName":"Storage 工具函数 saveToStorage 【数据预设】保存字符串值 → 【预期结果】localStorage 中存在对应数据","status":"passed","title":"【数据预设】保存字符串值 → 【预期结果】localStorage 中存在对应数据","duration":1.495600000002014,"failureMessages":[],"meta":{},"tags":[]},{"ancestorTitles":["Storage 工具函数","saveToStorage"],"fullName":"Storage 工具函数 saveToStorage 【数据预设】保存对象值 → 【预期结果】以 JSON 格式保存","status":"passed","title":"【数据预设】保存对象值 → 【预期结果】以 JSON 格式保存","duration":2.4897000000019034,"failureMessages":[],"meta":{},"tags":[]},{"ancestorTitles":["Storage 工具函数","saveToStorage"],"fullName":"Storage 工具函数 saveToStorage 【数据预设】保存数组值 → 【预期结果】以 JSON 格式保存","status":"passed","title":"【数据预设】保存数组值 → 【预期结果】以 JSON 格式保存","duration":0.7779000000009546,"failureMessages":[],"meta":{},"tags":[]},{"ancestorTitles":["Storage 工具函数","loadFromStorage"],"fullName":"Storage 工具函数 loadFromStorage 【数据预设】key 存在，默认值任意 → 【预期结果】返回保存的值","status":"passed","title":"【数据预设】key 存在，默认值任意 → 【预期结果】返回保存的值","duration":1.0963000000010652,"failureMessages":[],"meta":{},"tags":[]},{"ancestorTitles":["Storage 工具函数","loadFromStorage"],"fullName":"Storage 工具函数 loadFromStorage 【数据预设】key 不存在，默认值为 [] → 【预期结果】返回默认值 []","status":"passed","title":"【数据预设】key 不存在，默认值为 [] → 【预期结果】返回默认值 []","duration":0.5780000000013388,"failureMessages":[],"meta":{},"tags":[]},{"ancestorTitles":["Storage 工具函数","loadFromStorage"],"fullName":"Storage 工具函数 loadFromStorage 【数据预设】key 不存在，默认值为对象 → 【预期结果】返回默认对象","status":"passed","title":"【数据预设】key 不存在，默认值为对象 → 【预期结果】返回默认对象","duration":2.0522000000019034,"failureMessages":[],"meta":{},"tags":[]},{"ancestorTitles":["Storage 工具函数","loadFromStorage"],"fullName":"Storage 工具函数 loadFromStorage 【数据预设】key 不存在，默认值为 null → 【预期结果】返回 null","status":"passed","title":"【数据预设】key 不存在，默认值为 null → 【预期结果】返回 null","duration":1.169000000001688,"failureMessages":[],"meta":{},"tags":[]},{"ancestorTitles":["Storage 工具函数","loadFromStorage"],"fullName":"Storage 工具函数 loadFromStorage 【数据预设】存储内容为非法 JSON → 【预期结果】返回默认值且不抛出异常","status":"passed","title":"【数据预设】存储内容为非法 JSON → 【预期结果】返回默认值且不抛出异常","duration":14.944700000000012,"failureMessages":[],"meta":{},"tags":[]},{"ancestorTitles":["Storage 工具函数","removeFromStorage"],"fullName":"Storage 工具函数 removeFromStorage 【数据预设】key 存在 → 【预期结果】删除后 key 不存在","status":"passed","title":"【数据预设】key 存在 → 【预期结果】删除后 key 不存在","duration":3.96389999999883,"failureMessages":[],"meta":{},"tags":[]},{"ancestorTitles":["Storage 工具函数","removeFromStorage"],"fullName":"Storage 工具函数 removeFromStorage 【数据预设】key 不存在 → 【预期结果】不抛出异常","status":"passed","title":"【数据预设】key 不存在 → 【预期结果】不抛出异常","duration":5.0020000000004075,"failureMessages":[],"meta":{},"tags":[]},{"ancestorTitles":["Storage 工具函数","removeFromStorage"],"fullName":"Storage 工具函数 removeFromStorage 【数据预设】删除一个 key → 【预期结果】不影响其他 key","status":"passed","title":"【数据预设】删除一个 key → 【预期结果】不影响其他 key","duration":1.4262000000016997,"failureMessages":[],"meta":{},"tags":[]}],"startTime":1781739399404,"endTime":1781739399448.4263,"status":"passed","message":"","name":"D:/trae_projects/zy_2606_trae_01/src/test/utils/storage.test.ts"}]}